SF:lib/presentation/app_bindings.dart
DA:7,11
DA:10,33
DA:11,22
DA:12,11
DA:14,11
DA:15,33
LF:6
LH:6
end_of_record
SF:lib/data/models/asset_model.dart
DA:4,4
DA:15,4
DA:16,4
DA:17,4
DA:18,4
DA:19,4
DA:20,4
DA:21,4
DA:22,8
DA:23,12
DA:24,4
DA:25,8
DA:26,12
DA:27,4
DA:28,4
LF:15
LH:15
end_of_record
SF:lib/domain/entities/asset_entity.dart
DA:16,6
DA:27,0
DA:28,6
DA:29,4
DA:34,2
DA:35,2
DA:36,4
DA:37,0
DA:40,2
DA:41,4
DA:42,0
DA:45,6
DA:46,4
LF:13
LH:10
end_of_record
SF:lib/data/models/company_model.dart
DA:4,11
DA:9,11
DA:10,11
DA:11,11
DA:12,11
LF:5
LH:5
end_of_record
SF:lib/domain/entities/company_entity.dart
DA:5,11
LF:1
LH:1
end_of_record
SF:lib/data/models/location_model.dart
DA:4,4
DA:15,4
DA:16,4
DA:17,4
DA:18,4
DA:19,4
LF:6
LH:6
end_of_record
SF:lib/domain/entities/location_entity.dart
DA:4,4
LF:1
LH:1
end_of_record
SF:lib/data/repositories/asset_repository.dart
DA:7,4
DA:11,4
DA:13,8
LF:3
LH:3
end_of_record
SF:lib/data/repositories/company_repository.dart
DA:7,6
DA:11,6
DA:13,12
LF:3
LH:3
end_of_record
SF:lib/data/repositories/location_repository.dart
DA:7,4
DA:11,4
DA:13,8
LF:3
LH:3
end_of_record
SF:lib/data/use_cases/get_assets_use_case.dart
DA:6,1
DA:10,1
DA:12,2
LF:3
LH:3
end_of_record
SF:lib/data/use_cases/get_companies_use_case.dart
DA:6,6
DA:10,6
DA:12,12
LF:3
LH:3
end_of_record
SF:lib/data/use_cases/get_locations_assets_use_case.dart
DA:10,3
DA:16,3
DA:24,6
DA:25,6
DA:26,6
DA:29,2
DA:30,2
DA:32,4
DA:36,4
DA:38,0
DA:39,0
DA:47,0
DA:48,0
DA:51,0
DA:54,2
DA:61,4
DA:62,2
DA:65,2
DA:66,4
DA:76,2
DA:82,2
DA:83,2
DA:85,4
DA:86,4
DA:87,4
DA:88,2
DA:89,4
DA:90,6
DA:92,6
DA:93,2
DA:94,4
DA:95,6
DA:97,6
DA:101,4
DA:102,4
DA:103,4
DA:104,4
DA:105,6
DA:106,4
DA:107,6
DA:113,6
DA:114,4
DA:115,4
DA:116,8
DA:119,10
DA:123,2
DA:124,4
DA:130,2
DA:132,2
DA:134,2
DA:139,2
DA:146,0
DA:147,0
DA:148,0
DA:155,0
DA:158,0
DA:160,0
DA:170,0
DA:176,0
DA:178,0
DA:180,0
DA:181,0
DA:189,0
DA:192,0
DA:194,0
DA:201,0
DA:202,0
DA:204,0
DA:208,0
DA:212,0
DA:213,0
DA:217,0
DA:218,0
DA:222,0
DA:223,0
DA:226,0
DA:227,0
DA:230,2
DA:231,4
DA:232,6
DA:234,4
DA:235,4
DA:236,4
DA:241,2
DA:246,4
DA:247,4
DA:248,2
DA:249,4
DA:250,8
DA:255,2
DA:257,4
DA:258,4
DA:259,2
LF:93
LH:62
end_of_record
SF:lib/data/use_cases/get_locations_use_case.dart
DA:6,1
DA:10,1
DA:12,2
LF:3
LH:3
end_of_record
SF:lib/data/use_cases/local_storage_use_case.dart
DA:5,0
DA:7,0
DA:8,0
DA:11,0
DA:13,0
DA:14,0
DA:17,0
DA:19,0
DA:20,0
DA:23,9
DA:25,9
DA:26,18
DA:27,9
DA:28,0
DA:29,9
DA:30,0
DA:31,9
DA:32,0
DA:33,9
DA:34,9
DA:35,0
DA:36,0
DA:38,0
LF:23
LH:8
end_of_record
SF:lib/infra/data_sources/asset_data_source.dart
DA:7,5
DA:11,5
DA:14,5
DA:15,5
DA:18,10
DA:20,4
DA:21,4
DA:22,12
DA:23,4
DA:24,4
DA:27,0
LF:11
LH:10
end_of_record
SF:lib/infra/data_sources/company_data_source.dart
DA:7,9
DA:11,9
DA:14,9
DA:16,18
DA:18,9
DA:19,9
DA:20,27
DA:21,9
DA:22,9
DA:25,0
LF:10
LH:9
end_of_record
SF:lib/infra/data_sources/location_data_source.dart
DA:7,4
DA:11,4
DA:14,4
DA:15,4
DA:18,8
DA:20,3
DA:21,3
DA:22,9
DA:23,3
DA:24,3
DA:27,0
LF:11
LH:10
end_of_record
SF:lib/infra/http/http_client.dart
DA:11,11
DA:17,22
DA:18,11
DA:33,33
DA:36,10
DA:39,50
DA:41,20
DA:42,10
DA:43,10
DA:44,10
DA:47,9
DA:48,1
DA:49,1
DA:53,0
DA:56,0
DA:58,0
DA:59,0
DA:60,0
DA:61,0
DA:64,0
DA:65,0
DA:66,0
DA:70,0
DA:73,0
DA:75,0
DA:76,0
DA:77,0
DA:78,0
DA:81,0
DA:82,0
DA:83,0
DA:87,0
DA:90,0
DA:92,0
DA:93,0
DA:94,0
DA:95,0
DA:98,0
DA:99,0
DA:100,0
DA:104,9
DA:106,0
DA:112,9
DA:113,9
DA:114,9
DA:115,9
DA:116,18
LF:47
LH:19
end_of_record
SF:lib/infra/http/http_request.dart
DA:7,10
LF:1
LH:1
end_of_record
SF:lib/infra/http/http_response.dart
DA:7,9
DA:14,9
DA:15,18
LF:3
LH:3
end_of_record
SF:lib/infra/http/interceptors/cache_interceptor.dart
DA:9,11
DA:13,9
DA:15,36
DA:16,18
DA:17,36
DA:19,9
DA:22,1
DA:24,1
DA:30,2
DA:31,0
DA:32,0
DA:33,0
DA:34,0
DA:35,0
DA:38,0
DA:45,1
LF:16
LH:10
end_of_record
SF:lib/presentation/menu/menu_bindings.dart
DA:10,4
DA:12,8
DA:13,4
DA:14,4
DA:18,8
DA:19,8
DA:20,8
DA:24,8
DA:25,8
DA:26,8
DA:31,8
DA:32,4
DA:36,8
DA:37,6
DA:38,6
DA:39,6
LF:16
LH:16
end_of_record
SF:lib/presentation/menu/menu_controller.dart
DA:11,3
DA:21,3
DA:23,3
DA:24,3
DA:27,3
DA:29,6
DA:30,6
DA:31,6
DA:32,6
DA:34,3
DA:36,6
DA:40,0
DA:42,1
DA:43,2
DA:44,3
LF:15
LH:14
end_of_record
SF:lib/presentation/assets/assets_bindings.dart
DA:11,3
DA:13,6
DA:14,4
DA:15,4
DA:19,6
DA:20,4
DA:21,4
DA:26,6
DA:27,4
DA:28,4
DA:32,6
DA:33,4
DA:34,4
DA:39,6
DA:40,4
DA:41,4
DA:42,4
DA:47,6
DA:48,4
DA:49,4
DA:50,4
LF:21
LH:21
end_of_record
SF:lib/presentation/assets/assets_controller.dart
DA:10,2
DA:20,0
DA:21,0
DA:28,2
DA:30,2
DA:31,2
DA:34,2
DA:36,4
DA:37,4
DA:38,4
DA:39,6
DA:40,4
DA:42,2
DA:43,2
DA:44,2
DA:46,2
DA:48,3
DA:50,4
DA:54,0
DA:56,0
DA:57,0
DA:60,0
DA:61,0
DA:62,0
DA:65,0
DA:66,0
DA:67,0
DA:70,0
DA:71,0
DA:72,0
LF:30
LH:16
end_of_record
SF:lib/presentation/app.dart
DA:13,2
DA:15,2
DA:16,2
DA:20,2
DA:22,2
DA:27,6
DA:28,2
DA:29,2
DA:30,2
DA:31,4
LF:10
LH:10
end_of_record
SF:lib/design_system/buttons/primary_button.dart
DA:11,2
DA:20,2
DA:22,2
DA:23,2
DA:24,2
DA:25,2
DA:26,2
DA:27,0
DA:28,4
DA:30,2
DA:31,2
DA:32,2
DA:36,2
DA:38,2
DA:39,2
DA:40,2
DA:41,2
DA:43,2
DA:45,2
DA:46,2
DA:47,2
DA:50,2
LF:22
LH:21
end_of_record
SF:lib/design_system/buttons/secondary_button.dart
DA:16,1
DA:29,1
DA:31,1
DA:32,1
DA:33,1
DA:34,1
DA:35,1
DA:36,1
DA:38,1
DA:39,1
DA:42,1
DA:43,1
DA:44,1
DA:45,1
DA:47,1
DA:48,1
DA:51,1
DA:54,1
DA:55,1
DA:58,1
DA:60,1
LF:21
LH:21
end_of_record
SF:lib/design_system/buttons/toggle_button.dart
DA:11,1
DA:19,1
DA:20,1
DA:26,1
DA:28,1
DA:29,2
DA:30,2
DA:31,2
DA:32,2
DA:33,1
DA:34,2
DA:35,2
DA:36,0
DA:37,0
DA:38,0
LF:15
LH:12
end_of_record
SF:lib/design_system/colors/app_color.dart
DA:4,2
DA:8,6
DA:9,6
DA:11,0
DA:13,6
DA:14,3
DA:15,0
DA:18,0
DA:19,3
DA:20,0
DA:23,0
DA:24,3
DA:25,3
DA:26,0
DA:27,0
DA:28,6
DA:29,3
DA:30,3
DA:31,3
LF:19
LH:12
end_of_record
SF:lib/design_system/icons/app_icons.dart
DA:15,2
DA:23,2
DA:25,2
DA:26,4
DA:27,2
DA:28,2
DA:29,2
DA:37,2
DA:39,4
DA:40,4
DA:41,2
DA:43,0
DA:44,0
DA:45,0
DA:47,2
DA:48,0
DA:49,2
DA:50,2
DA:51,0
DA:52,0
LF:20
LH:14
end_of_record
SF:lib/design_system/input/text_field_widget.dart
DA:48,1
DA:86,3
DA:87,0
DA:91,1
DA:92,1
DA:104,1
DA:106,1
DA:107,3
DA:108,4
DA:109,3
DA:110,4
DA:111,3
DA:114,1
DA:116,1
DA:117,3
DA:118,3
DA:119,2
DA:120,2
DA:123,1
DA:124,2
DA:125,2
DA:129,0
DA:130,0
DA:131,0
DA:132,0
DA:133,0
DA:134,0
DA:135,0
DA:141,1
DA:143,1
DA:146,1
DA:147,2
DA:148,0
DA:150,0
DA:151,0
DA:152,0
DA:155,0
DA:161,1
DA:162,2
DA:163,2
DA:164,2
DA:165,1
DA:166,2
DA:167,2
DA:168,1
DA:169,1
DA:170,2
DA:171,2
DA:172,2
DA:173,2
DA:175,2
DA:176,2
DA:177,2
DA:178,2
DA:179,1
DA:181,2
DA:182,2
DA:183,2
DA:186,0
DA:187,0
DA:188,0
DA:190,2
DA:191,1
DA:194,2
DA:196,1
DA:197,1
DA:199,3
DA:202,1
DA:203,1
DA:204,2
DA:206,2
DA:207,1
DA:208,1
DA:209,2
DA:211,2
DA:212,1
DA:213,1
DA:214,2
DA:216,2
DA:217,1
DA:218,1
DA:219,2
DA:221,1
DA:223,1
DA:225,2
DA:226,1
DA:227,1
DA:228,2
DA:230,2
DA:231,1
DA:232,1
DA:233,2
DA:235,2
DA:237,2
DA:238,2
DA:239,0
DA:240,0
DA:242,0
DA:243,0
DA:246,0
DA:248,0
DA:249,0
LF:102
LH:79
end_of_record
SF:lib/design_system/text_styles/text_style.dart
DA:6,1
DA:11,1
DA:14,0
DA:18,0
DA:24,0
DA:27,0
DA:31,0
DA:37,0
DA:40,0
DA:44,0
DA:49,0
DA:52,0
DA:56,1
DA:61,1
DA:64,1
DA:68,2
DA:74,2
DA:77,0
DA:81,0
DA:86,0
DA:89,0
DA:94,1
DA:99,1
DA:102,0
LF:24
LH:9
end_of_record
SF:lib/translations/translation.dart
DA:4,2
DA:6,2
DA:7,2
LF:3
LH:3
end_of_record
SF:lib/presentation/app_module.dart
DA:10,6
DA:11,2
DA:12,2
DA:13,2
DA:14,2
DA:16,2
DA:17,2
DA:18,1
DA:19,2
LF:9
LH:9
end_of_record
SF:lib/presentation/assets/assets_page.dart
DA:9,2
DA:11,1
DA:13,1
DA:14,1
DA:15,1
DA:17,1
DA:18,1
DA:19,1
DA:20,1
DA:23,1
DA:26,1
DA:27,2
DA:28,1
DA:31,1
DA:32,1
DA:33,1
DA:34,1
DA:40,2
DA:41,1
DA:42,1
DA:43,1
DA:44,1
DA:45,1
DA:47,1
DA:49,1
DA:50,3
DA:51,1
DA:58,1
DA:59,1
DA:62,1
DA:65,2
DA:68,1
DA:70,1
DA:72,1
DA:74,1
DA:76,1
DA:77,3
DA:78,1
DA:79,1
DA:80,1
DA:81,2
DA:85,1
DA:86,3
DA:87,1
DA:88,1
DA:89,1
DA:90,2
DA:100,1
DA:101,1
DA:104,3
DA:105,1
DA:110,3
DA:111,1
DA:112,1
DA:113,1
DA:115,1
DA:116,1
DA:117,3
DA:119,1
DA:120,2
DA:121,1
DA:122,1
DA:129,6
DA:130,1
DA:131,1
DA:132,1
DA:134,1
DA:135,1
DA:136,1
DA:142,3
DA:143,0
DA:144,0
DA:146,0
DA:147,0
DA:149,0
DA:150,0
DA:151,0
DA:152,0
DA:153,0
DA:155,0
DA:156,0
DA:157,0
DA:158,0
DA:159,0
DA:160,0
DA:161,0
DA:164,0
LF:87
LH:70
end_of_record
SF:lib/presentation/menu/menu_page.dart
DA:8,2
DA:10,2
DA:12,2
DA:13,2
DA:14,2
DA:16,2
DA:17,2
DA:18,2
DA:19,2
DA:22,4
DA:23,6
DA:28,6
DA:29,1
DA:30,1
DA:32,1
DA:33,1
DA:34,3
DA:36,1
DA:37,2
DA:38,1
DA:39,1
DA:46,6
DA:47,0
DA:48,0
DA:50,0
DA:51,0
DA:52,0
DA:58,2
DA:60,6
DA:61,2
DA:62,6
DA:63,2
DA:65,2
DA:66,4
DA:67,3
DA:68,2
DA:69,2
DA:70,2
DA:71,2
DA:72,2
LF:40
LH:35
end_of_record
SF:lib/presentation/assets/widgets/node_tree_widget.dart
DA:9,0
DA:14,0
DA:16,0
DA:17,0
DA:19,0
DA:22,0
DA:23,0
DA:24,0
DA:25,0
DA:26,0
DA:27,0
DA:28,0
DA:29,0
DA:31,0
DA:33,0
DA:34,0
DA:35,0
DA:38,0
DA:39,0
DA:40,0
DA:41,0
DA:43,0
DA:48,0
DA:49,0
DA:51,0
LF:25
LH:0
end_of_record
SF:lib/presentation/helpers/asset_helper.dart
DA:5,0
DA:6,0
DA:7,0
DA:9,0
DA:10,0
DA:12,0
DA:15,0
DA:16,0
DA:17,0
DA:18,0
DA:19,0
DA:25,0
DA:26,0
DA:27,0
DA:28,0
LF:15
LH:0
end_of_record
